<?xml version="1.0" encoding="UTF-8"?>
<!-- Generated by org.testng.reporters.JUnitXMLReporter -->
<testsuite ignored="1" hostname="DESKTOP-2CJ4JG5" failures="2" tests="2" name="Default test(failed)(failed)(failed)" time="0.139" errors="0" timestamp="2022-11-08T13:23:34 GMT-08:00">
  <testcase classname="testNGverification.AssertclassmethodNull" name="a3" time="0.025">
    <failure type="graphql.AssertException" message="Object required to be not null">
      <![CDATA[graphql.AssertException: Object required to be not null
at graphql.Assert.assertNotNull(Assert.java:31)
at testNGverification.AssertclassmethodNull.a3(AssertclassmethodNull.java:25)
at java.base/java.util.ArrayList.forEach(ArrayList.java:1511)
... Removed 25 stack frames]]>
    </failure>
  </testcase> <!-- a3 -->
  <testcase classname="testNGverification.AssertclassmethodNull" name="a1" time="0.003">
    <failure type="graphql.AssertException" message="Object required to be null">
      <![CDATA[graphql.AssertException: Object required to be null
at graphql.Assert.assertNull(Assert.java:45)
at testNGverification.AssertclassmethodNull.a1(AssertclassmethodNull.java:13)
at java.base/java.util.ArrayList.forEach(ArrayList.java:1511)
... Removed 25 stack frames]]>
    </failure>
  </testcase> <!-- a1 -->
  <testcase classname="testNGverification.AssertclassmethodNull" name="a2" time="0.0">
    <ignored/>
  </testcase> <!-- a2 -->
</testsuite> <!-- Default test(failed)(failed)(failed) -->
